<?xml version="1.0" encoding="UTF-8"?>
<!-- Generated by org.testng.reporters.JUnitXMLReporter -->
<testsuite ignored="1" hostname="TYSS-Yogita" failures="0" tests="2" name="Test" time="0.036" errors="0" timestamp="2022-11-11T11:12:46 IST">
  <testcase classname="testNg.LearningTestNg" name="aTestCase" time="0.006"/>
  <testcase classname="testNg.LearningTestNg" name="sampleTestCase" time="0.001"/>
  <testcase classname="testNg.LearningTestNg" name="loginTestCase" time="0.0">
    <ignored/>
  </testcase> <!-- loginTestCase -->
</testsuite> <!-- Test -->
