<?xml version="1.0" encoding="UTF-8"?>
<!-- Generated by org.testng.reporters.JUnitXMLReporter -->
<testsuite ignored="7" hostname="TYSS-Yogita" failures="0" tests="2" name="Test1" time="0.005" errors="0" timestamp="2022-11-11T11:10:16 IST">
  <testcase classname="testNg.GroupExecution" name="Profile" time="0.001"/>
  <testcase classname="testNg.DependencyBwTC" name="harryPotter" time="0.001"/>
  <testcase classname="testNg.DependencyBwTC" name="kantara" time="0.0">
    <ignored/>
  </testcase> <!-- kantara -->
  <testcase classname="testNg.GroupExecution" name="payment" time="0.0">
    <ignored/>
  </testcase> <!-- payment -->
  <testcase classname="testNg.DependencyBwTC" name="HouseOFDragons" time="0.0">
    <ignored/>
  </testcase> <!-- HouseOFDragons -->
  <testcase classname="testNg.DependencyBwTC" name="kgf" time="0.0">
    <ignored/>
  </testcase> <!-- kgf -->
  <testcase classname="testNg.GroupExecution" name="Login" time="0.0">
    <ignored/>
  </testcase> <!-- Login -->
  <testcase classname="testNg.GroupExecution" name="Register" time="0.0">
    <ignored/>
  </testcase> <!-- Register -->
  <testcase classname="testNg.DependencyBwTC" name="GOT" time="0.0">
    <ignored/>
  </testcase> <!-- GOT -->
</testsuite> <!-- Test1 -->
